Determining if the pthread_create exist failed with the following output:
Change Dir: /mnt/d/Projects/Second_year/Second_semester/ACS/zip_lab_part_2/cmake-build-release/CMakeFiles/CMakeTmp

Run Build Command:"/usr/bin/make" "cmTC_e658e/fast"
/usr/bin/make -f CMakeFiles/cmTC_e658e.dir/build.make CMakeFiles/cmTC_e658e.dir/build
make[1]: Entering directory '/mnt/d/Projects/Second_year/Second_semester/ACS/zip_lab_part_2/cmake-build-release/CMakeFiles/CMakeTmp'
Building C object CMakeFiles/cmTC_e658e.dir/CheckSymbolExists.c.o
/usr/bin/cc    -o CMakeFiles/cmTC_e658e.dir/CheckSymbolExists.c.o   -c /mnt/d/Projects/Second_year/Second_semester/ACS/zip_lab_part_2/cmake-build-release/CMakeFiles/CMakeTmp/CheckSymbolExists.c
Linking C executable cmTC_e658e
/usr/bin/cmake -E cmake_link_script CMakeFiles/cmTC_e658e.dir/link.txt --verbose=1
/usr/bin/cc      CMakeFiles/cmTC_e658e.dir/CheckSymbolExists.c.o  -o cmTC_e658e 
CMakeFiles/cmTC_e658e.dir/CheckSymbolExists.c.o: In function `main':
CheckSymbolExists.c:(.text+0x1b): undefined reference to `pthread_create'
collect2: error: ld returned 1 exit status
CMakeFiles/cmTC_e658e.dir/build.make:97: recipe for target 'cmTC_e658e' failed
make[1]: *** [cmTC_e658e] Error 1
make[1]: Leaving directory '/mnt/d/Projects/Second_year/Second_semester/ACS/zip_lab_part_2/cmake-build-release/CMakeFiles/CMakeTmp'
Makefile:126: recipe for target 'cmTC_e658e/fast' failed
make: *** [cmTC_e658e/fast] Error 2

File /mnt/d/Projects/Second_year/Second_semester/ACS/zip_lab_part_2/cmake-build-release/CMakeFiles/CMakeTmp/CheckSymbolExists.c:
/* */
#include <pthread.h>

int main(int argc, char** argv)
{
  (void)argv;
#ifndef pthread_create
  return ((int*)(&pthread_create))[argc];
#else
  (void)argc;
  return 0;
#endif
}

Determining if the function pthread_create exists in the pthreads failed with the following output:
Change Dir: /mnt/d/Projects/Second_year/Second_semester/ACS/zip_lab_part_2/cmake-build-release/CMakeFiles/CMakeTmp

Run Build Command:"/usr/bin/make" "cmTC_26a3d/fast"
/usr/bin/make -f CMakeFiles/cmTC_26a3d.dir/build.make CMakeFiles/cmTC_26a3d.dir/build
make[1]: Entering directory '/mnt/d/Projects/Second_year/Second_semester/ACS/zip_lab_part_2/cmake-build-release/CMakeFiles/CMakeTmp'
Building C object CMakeFiles/cmTC_26a3d.dir/CheckFunctionExists.c.o
/usr/bin/cc   -DCHECK_FUNCTION_EXISTS=pthread_create   -o CMakeFiles/cmTC_26a3d.dir/CheckFunctionExists.c.o   -c /usr/share/cmake-3.10/Modules/CheckFunctionExists.c
Linking C executable cmTC_26a3d
/usr/bin/cmake -E cmake_link_script CMakeFiles/cmTC_26a3d.dir/link.txt --verbose=1
/usr/bin/cc  -DCHECK_FUNCTION_EXISTS=pthread_create    CMakeFiles/cmTC_26a3d.dir/CheckFunctionExists.c.o  -o cmTC_26a3d -lpthreads 
/usr/bin/ld: cannot find -lpthreads
collect2: error: ld returned 1 exit status
CMakeFiles/cmTC_26a3d.dir/build.make:97: recipe for target 'cmTC_26a3d' failed
make[1]: *** [cmTC_26a3d] Error 1
make[1]: Leaving directory '/mnt/d/Projects/Second_year/Second_semester/ACS/zip_lab_part_2/cmake-build-release/CMakeFiles/CMakeTmp'
Makefile:126: recipe for target 'cmTC_26a3d/fast' failed
make: *** [cmTC_26a3d/fast] Error 2


